<?xml version="1.0" encoding="UTF-8"?>
<testsuite xmlns:xsi="http://www.w3.org/2001/XMLSchema-instance" xsi:noNamespaceSchemaLocation="https://maven.apache.org/surefire/maven-surefire-plugin/xsd/surefire-test-report.xsd" name="com.atguigu.admin.DemoApplicationTests" time="17.089" tests="2" errors="0" skipped="0" failures="0">
  <properties>
[...]
</properties>
  <testcase name="testUserMapper" classname="com.atguigu.admin.DemoApplicationTests" time="2.854"/>
  <testcase name="contextLoads" classname="com.atguigu.admin.DemoApplicationTests" time="0.03"/>
</testsuite>